<?xml version="1.0" encoding="UTF-8"?>
<coverage generated="1591691192952" clover="3.2.0">
  <project timestamp="1591691192953" name="All files">
    <metrics statements="38" coveredstatements="15" conditionals="29" coveredconditionals="2" methods="25" coveredmethods="8" elements="92" coveredelements="25" complexity="0" loc="38" ncloc="38" packages="2" files="4" classes="4">
      <package name="src">
        <metrics statements="24" coveredstatements="2" conditionals="25" coveredconditionals="0" methods="17" coveredmethods="1"/>
        <file name="App.js" path="/home/hka/Desktop/e985f254-27c3-4fbb-b4d1-f7e6fadc1376/src/App.js">
          <metrics statements="2" coveredstatements="2" conditionals="0" coveredconditionals="0" methods="1" coveredmethods="1"/>
          <line num="6" count="1" type="stmt"/>
          <line num="10" count="4" type="stmt"/>
        </file>
        <file name="index.js" path="/home/hka/Desktop/e985f254-27c3-4fbb-b4d1-f7e6fadc1376/src/index.js">
          <metrics statements="7" coveredstatements="0" conditionals="4" coveredconditionals="0" methods="1" coveredmethods="0"/>
          <line num="1" count="0" type="stmt"/>
          <line num="2" count="0" type="stmt"/>
          <line num="3" count="0" type="stmt"/>
          <line num="4" count="0" type="stmt"/>
          <line num="5" count="0" type="cond" truecount="0" falsecount="4"/>
          <line num="7" count="0" type="stmt"/>
          <line num="8" count="0" type="stmt"/>
        </file>
        <file name="registerServiceWorker.js" path="/home/hka/Desktop/e985f254-27c3-4fbb-b4d1-f7e6fadc1376/src/registerServiceWorker.js">
          <metrics statements="15" coveredstatements="0" conditionals="21" coveredconditionals="0" methods="15" coveredmethods="0"/>
          <line num="1" count="0" type="stmt"/>
          <line num="21" count="0" type="stmt"/>
          <line num="118" count="0" type="cond" truecount="0" falsecount="3"/>
          <line num="120" count="0" type="cond" truecount="0" falsecount="4"/>
          <line num="121" count="0" type="cond" truecount="0" falsecount="2"/>
          <line num="124" count="0" type="cond" truecount="0" falsecount="2"/>
          <line num="125" count="0" type="stmt"/>
          <line num="127" count="0" type="stmt"/>
          <line num="128" count="0" type="cond" truecount="0" falsecount="4"/>
          <line num="132" count="0" type="stmt"/>
          <line num="135" count="0" type="stmt"/>
          <line num="136" count="0" type="stmt"/>
          <line num="137" count="0" type="cond" truecount="0" falsecount="4"/>
          <line num="138" count="0" type="stmt"/>
          <line num="139" count="0" type="cond" truecount="0" falsecount="2"/>
        </file>
      </package>
      <package name="src.components.movie-list">
        <metrics statements="14" coveredstatements="13" conditionals="4" coveredconditionals="2" methods="8" coveredmethods="7"/>
        <file name="index.js" path="/home/hka/Desktop/e985f254-27c3-4fbb-b4d1-f7e6fadc1376/src/components/movie-list/index.js">
          <metrics statements="14" coveredstatements="13" conditionals="4" coveredconditionals="2" methods="8" coveredmethods="7"/>
          <line num="5" count="13" type="stmt"/>
          <line num="6" count="13" type="stmt"/>
          <line num="9" count="3" type="stmt"/>
          <line num="12" count="3" type="stmt"/>
          <line num="15" count="3" type="stmt"/>
          <line num="16" count="3" type="stmt"/>
          <line num="18" count="3" type="stmt"/>
          <line num="19" count="3" type="stmt"/>
          <line num="21" count="7" type="stmt"/>
          <line num="25" count="3" type="stmt"/>
          <line num="26" count="3" type="stmt"/>
          <line num="30" count="0" type="cond" truecount="0" falsecount="2"/>
          <line num="32" count="13" type="stmt"/>
          <line num="53" count="7" type="stmt"/>
        </file>
      </package>
    </metrics>
  </project>
</coverage>
